  SceneObject.cpp
C:\Program Files (x86)\Windows Kits\10\Include\10.0.18362.0\um\gl\GL.h(1157,11): error C2144: syntax error: 'void' should be preceded by ';'
C:\Program Files (x86)\Windows Kits\10\Include\10.0.18362.0\um\gl\GL.h(1157,16): error C4430: missing type specifier - int assumed. Note: C++ does not support default-int
C:\Program Files (x86)\Windows Kits\10\Include\10.0.18362.0\um\gl\GL.h(1157,33): error C2182: 'APIENTRY': illegal use of type 'void'
C:\Program Files (x86)\Windows Kits\10\Include\10.0.18362.0\um\gl\GL.h(1157,25): error C2146: syntax error: missing ';' before identifier 'glAccum'
C:\Program Files (x86)\Windows Kits\10\Include\10.0.18362.0\um\gl\GL.h(1157,59): error C4430: missing type specifier - int assumed. Note: C++ does not support default-int
C:\Program Files (x86)\Windows Kits\10\Include\10.0.18362.0\um\gl\GL.h(1158,11): error C2144: syntax error: 'void' should be preceded by ';'
C:\Program Files (x86)\Windows Kits\10\Include\10.0.18362.0\um\gl\GL.h(1158,16): error C4430: missing type specifier - int assumed. Note: C++ does not support default-int
C:\Program Files (x86)\Windows Kits\10\Include\10.0.18362.0\um\gl\GL.h(1158,16): error C2086: 'int WINGDIAPI': redefinition
C:\Program Files (x86)\Windows Kits\10\Include\10.0.18362.0\um\gl\GL.h(1157): message : see declaration of 'WINGDIAPI'
C:\Program Files (x86)\Windows Kits\10\Include\10.0.18362.0\um\gl\GL.h(1158,37): error C2182: 'APIENTRY': illegal use of type 'void'
C:\Program Files (x86)\Windows Kits\10\Include\10.0.18362.0\um\gl\GL.h(1158,37): error C2086: 'int APIENTRY': redefinition
C:\Program Files (x86)\Windows Kits\10\Include\10.0.18362.0\um\gl\GL.h(1157): message : see declaration of 'APIENTRY'
C:\Program Files (x86)\Windows Kits\10\Include\10.0.18362.0\um\gl\GL.h(1158,25): error C2146: syntax error: missing ';' before identifier 'glAlphaFunc'
C:\Program Files (x86)\Windows Kits\10\Include\10.0.18362.0\um\gl\GL.h(1158,64): error C4430: missing type specifier - int assumed. Note: C++ does not support default-int
C:\Program Files (x86)\Windows Kits\10\Include\10.0.18362.0\um\gl\GL.h(1159,21): error C4430: missing type specifier - int assumed. Note: C++ does not support default-int
C:\Program Files (x86)\Windows Kits\10\Include\10.0.18362.0\um\gl\GL.h(1159,21): error C2086: 'int WINGDIAPI': redefinition
C:\Program Files (x86)\Windows Kits\10\Include\10.0.18362.0\um\gl\GL.h(1157): message : see declaration of 'WINGDIAPI'
C:\Program Files (x86)\Windows Kits\10\Include\10.0.18362.0\um\gl\GL.h(1159,11): error C2146: syntax error: missing ';' before identifier 'GLboolean'
C:\Program Files (x86)\Windows Kits\10\Include\10.0.18362.0\um\gl\GL.h(1160,11): error C2144: syntax error: 'void' should be preceded by ';'
C:\Program Files (x86)\Windows Kits\10\Include\10.0.18362.0\um\gl\GL.h(1160,16): error C4430: missing type specifier - int assumed. Note: C++ does not support default-int
C:\Program Files (x86)\Windows Kits\10\Include\10.0.18362.0\um\gl\GL.h(1160,16): error C2086: 'int WINGDIAPI': redefinition
C:\Program Files (x86)\Windows Kits\10\Include\10.0.18362.0\um\gl\GL.h(1157): message : see declaration of 'WINGDIAPI'
C:\Program Files (x86)\Windows Kits\10\Include\10.0.18362.0\um\gl\GL.h(1160,40): error C2182: 'APIENTRY': illegal use of type 'void'
C:\Program Files (x86)\Windows Kits\10\Include\10.0.18362.0\um\gl\GL.h(1160,40): error C2086: 'int APIENTRY': redefinition
C:\Program Files (x86)\Windows Kits\10\Include\10.0.18362.0\um\gl\GL.h(1157): message : see declaration of 'APIENTRY'
C:\Program Files (x86)\Windows Kits\10\Include\10.0.18362.0\um\gl\GL.h(1160,25): error C2146: syntax error: missing ';' before identifier 'glArrayElement'
C:\Program Files (x86)\Windows Kits\10\Include\10.0.18362.0\um\gl\GL.h(1160,49): error C4430: missing type specifier - int assumed. Note: C++ does not support default-int
C:\Program Files (x86)\Windows Kits\10\Include\10.0.18362.0\um\gl\GL.h(1161,11): error C2144: syntax error: 'void' should be preceded by ';'
C:\Program Files (x86)\Windows Kits\10\Include\10.0.18362.0\um\gl\GL.h(1161,16): error C4430: missing type specifier - int assumed. Note: C++ does not support default-int
C:\Program Files (x86)\Windows Kits\10\Include\10.0.18362.0\um\gl\GL.h(1161,16): error C2086: 'int WINGDIAPI': redefinition
C:\Program Files (x86)\Windows Kits\10\Include\10.0.18362.0\um\gl\GL.h(1157): message : see declaration of 'WINGDIAPI'
C:\Program Files (x86)\Windows Kits\10\Include\10.0.18362.0\um\gl\GL.h(1161,33): error C2182: 'APIENTRY': illegal use of type 'void'
C:\Program Files (x86)\Windows Kits\10\Include\10.0.18362.0\um\gl\GL.h(1161,33): error C2086: 'int APIENTRY': redefinition
C:\Program Files (x86)\Windows Kits\10\Include\10.0.18362.0\um\gl\GL.h(1157): message : see declaration of 'APIENTRY'
C:\Program Files (x86)\Windows Kits\10\Include\10.0.18362.0\um\gl\GL.h(1161,25): error C2146: syntax error: missing ';' before identifier 'glBegin'
C:\Program Files (x86)\Windows Kits\10\Include\10.0.18362.0\um\gl\GL.h(1161,46): error C4430: missing type specifier - int assumed. Note: C++ does not support default-int
C:\Program Files (x86)\Windows Kits\10\Include\10.0.18362.0\um\gl\GL.h(1162,11): error C2144: syntax error: 'void' should be preceded by ';'
C:\Program Files (x86)\Windows Kits\10\Include\10.0.18362.0\um\gl\GL.h(1162,16): error C4430: missing type specifier - int assumed. Note: C++ does not support default-int
C:\Program Files (x86)\Windows Kits\10\Include\10.0.18362.0\um\gl\GL.h(1162,16): error C2086: 'int WINGDIAPI': redefinition
C:\Program Files (x86)\Windows Kits\10\Include\10.0.18362.0\um\gl\GL.h(1157): message : see declaration of 'WINGDIAPI'
C:\Program Files (x86)\Windows Kits\10\Include\10.0.18362.0\um\gl\GL.h(1162,39): error C2182: 'APIENTRY': illegal use of type 'void'
C:\Program Files (x86)\Windows Kits\10\Include\10.0.18362.0\um\gl\GL.h(1162,39): error C2086: 'int APIENTRY': redefinition
C:\Program Files (x86)\Windows Kits\10\Include\10.0.18362.0\um\gl\GL.h(1157): message : see declaration of 'APIENTRY'
C:\Program Files (x86)\Windows Kits\10\Include\10.0.18362.0\um\gl\GL.h(1162,25): error C2146: syntax error: missing ';' before identifier 'glBindTexture'
C:\Program Files (x86)\Windows Kits\10\Include\10.0.18362.0\um\gl\GL.h(1162,70): error C4430: missing type specifier - int assumed. Note: C++ does not support default-int
C:\Program Files (x86)\Windows Kits\10\Include\10.0.18362.0\um\gl\GL.h(1163,11): error C2144: syntax error: 'void' should be preceded by ';'
C:\Program Files (x86)\Windows Kits\10\Include\10.0.18362.0\um\gl\GL.h(1163,16): error C4430: missing type specifier - int assumed. Note: C++ does not support default-int
C:\Program Files (x86)\Windows Kits\10\Include\10.0.18362.0\um\gl\GL.h(1163,16): error C2086: 'int WINGDIAPI': redefinition
C:\Program Files (x86)\Windows Kits\10\Include\10.0.18362.0\um\gl\GL.h(1157): message : see declaration of 'WINGDIAPI'
C:\Program Files (x86)\Windows Kits\10\Include\10.0.18362.0\um\gl\GL.h(1163,34): error C2182: 'APIENTRY': illegal use of type 'void'
C:\Program Files (x86)\Windows Kits\10\Include\10.0.18362.0\um\gl\GL.h(1163,34): error C2086: 'int APIENTRY': redefinition
C:\Program Files (x86)\Windows Kits\10\Include\10.0.18362.0\um\gl\GL.h(1157): message : see declaration of 'APIENTRY'
C:\Program Files (x86)\Windows Kits\10\Include\10.0.18362.0\um\gl\GL.h(1163,25): error C2146: syntax error: missing ';' before identifier 'glBitmap'
C:\Program Files (x86)\Windows Kits\10\Include\10.0.18362.0\um\gl\GL.h(1163,148): error C4430: missing type specifier - int assumed. Note: C++ does not support default-int
C:\Program Files (x86)\Windows Kits\10\Include\10.0.18362.0\um\gl\GL.h(1164,11): error C2144: syntax error: 'void' should be preceded by ';'
C:\Program Files (x86)\Windows Kits\10\Include\10.0.18362.0\um\gl\GL.h(1164,16): error C4430: missing type specifier - int assumed. Note: C++ does not support default-int
C:\Program Files (x86)\Windows Kits\10\Include\10.0.18362.0\um\gl\GL.h(1164,16): error C2086: 'int WINGDIAPI': redefinition
C:\Program Files (x86)\Windows Kits\10\Include\10.0.18362.0\um\gl\GL.h(1157): message : see declaration of 'WINGDIAPI'
C:\Program Files (x86)\Windows Kits\10\Include\10.0.18362.0\um\gl\GL.h(1164,37): error C2182: 'APIENTRY': illegal use of type 'void'
C:\Program Files (x86)\Windows Kits\10\Include\10.0.18362.0\um\gl\GL.h(1164,37): error C2086: 'int APIENTRY': redefinition
C:\Program Files (x86)\Windows Kits\10\Include\10.0.18362.0\um\gl\GL.h(1157): message : see declaration of 'APIENTRY'
C:\Program Files (x86)\Windows Kits\10\Include\10.0.18362.0\um\gl\GL.h(1164,25): error C2146: syntax error: missing ';' before identifier 'glBlendFunc'
C:\Program Files (x86)\Windows Kits\10\Include\10.0.18362.0\um\gl\GL.h(1164,69): error C4430: missing type specifier - int assumed. Note: C++ does not support default-int
C:\Program Files (x86)\Windows Kits\10\Include\10.0.18362.0\um\gl\GL.h(1165,11): error C2144: syntax error: 'void' should be preceded by ';'
C:\Program Files (x86)\Windows Kits\10\Include\10.0.18362.0\um\gl\GL.h(1165,16): error C4430: missing type specifier - int assumed. Note: C++ does not support default-int
C:\Program Files (x86)\Windows Kits\10\Include\10.0.18362.0\um\gl\GL.h(1165,16): error C2086: 'int WINGDIAPI': redefinition
C:\Program Files (x86)\Windows Kits\10\Include\10.0.18362.0\um\gl\GL.h(1157): message : see declaration of 'WINGDIAPI'
C:\Program Files (x86)\Windows Kits\10\Include\10.0.18362.0\um\gl\GL.h(1165,36): error C2182: 'APIENTRY': illegal use of type 'void'
C:\Program Files (x86)\Windows Kits\10\Include\10.0.18362.0\um\gl\GL.h(1165,36): error C2086: 'int APIENTRY': redefinition
C:\Program Files (x86)\Windows Kits\10\Include\10.0.18362.0\um\gl\GL.h(1157): message : see declaration of 'APIENTRY'
C:\Program Files (x86)\Windows Kits\10\Include\10.0.18362.0\um\gl\GL.h(1165,25): error C2146: syntax error: missing ';' before identifier 'glCallList'
C:\Program Files (x86)\Windows Kits\10\Include\10.0.18362.0\um\gl\GL.h(1165,49): error C4430: missing type specifier - int assumed. Note: C++ does not support default-int
C:\Program Files (x86)\Windows Kits\10\Include\10.0.18362.0\um\gl\GL.h(1166,11): error C2144: syntax error: 'void' should be preceded by ';'
C:\Program Files (x86)\Windows Kits\10\Include\10.0.18362.0\um\gl\GL.h(1166,16): error C4430: missing type specifier - int assumed. Note: C++ does not support default-int
C:\Program Files (x86)\Windows Kits\10\Include\10.0.18362.0\um\gl\GL.h(1166,16): error C2086: 'int WINGDIAPI': redefinition
C:\Program Files (x86)\Windows Kits\10\Include\10.0.18362.0\um\gl\GL.h(1157): message : see declaration of 'WINGDIAPI'
C:\Program Files (x86)\Windows Kits\10\Include\10.0.18362.0\um\gl\GL.h(1166,37): error C2182: 'APIENTRY': illegal use of type 'void'
C:\Program Files (x86)\Windows Kits\10\Include\10.0.18362.0\um\gl\GL.h(1166,37): error C2086: 'int APIENTRY': redefinition
C:\Program Files (x86)\Windows Kits\10\Include\10.0.18362.0\um\gl\GL.h(1157): message : see declaration of 'APIENTRY'
C:\Program Files (x86)\Windows Kits\10\Include\10.0.18362.0\um\gl\GL.h(1166,25): error C2146: syntax error: missing ';' before identifier 'glCallLists'
C:\Program Files (x86)\Windows Kits\10\Include\10.0.18362.0\um\gl\GL.h(1166,82): error C4430: missing type specifier - int assumed. Note: C++ does not support default-int
C:\Program Files (x86)\Windows Kits\10\Include\10.0.18362.0\um\gl\GL.h(1167,11): error C2144: syntax error: 'void' should be preceded by ';'
C:\Program Files (x86)\Windows Kits\10\Include\10.0.18362.0\um\gl\GL.h(1167,16): error C4430: missing type specifier - int assumed. Note: C++ does not support default-int
C:\Program Files (x86)\Windows Kits\10\Include\10.0.18362.0\um\gl\GL.h(1167,16): error C2086: 'int WINGDIAPI': redefinition
C:\Program Files (x86)\Windows Kits\10\Include\10.0.18362.0\um\gl\GL.h(1157): message : see declaration of 'WINGDIAPI'
C:\Program Files (x86)\Windows Kits\10\Include\10.0.18362.0\um\gl\GL.h(1167,33): error C2182: 'APIENTRY': illegal use of type 'void'
C:\Program Files (x86)\Windows Kits\10\Include\10.0.18362.0\um\gl\GL.h(1167,33): error C2086: 'int APIENTRY': redefinition
C:\Program Files (x86)\Windows Kits\10\Include\10.0.18362.0\um\gl\GL.h(1157): message : see declaration of 'APIENTRY'
C:\Program Files (x86)\Windows Kits\10\Include\10.0.18362.0\um\gl\GL.h(1167,25): error C2146: syntax error: missing ';' before identifier 'glClear'
C:\Program Files (x86)\Windows Kits\10\Include\10.0.18362.0\um\gl\GL.h(1167,50): error C4430: missing type specifier - int assumed. Note: C++ does not support default-int
C:\Program Files (x86)\Windows Kits\10\Include\10.0.18362.0\um\gl\GL.h(1168,11): error C2144: syntax error: 'void' should be preceded by ';'
C:\Program Files (x86)\Windows Kits\10\Include\10.0.18362.0\um\gl\GL.h(1168,16): error C4430: missing type specifier - int assumed. Note: C++ does not support default-int
C:\Program Files (x86)\Windows Kits\10\Include\10.0.18362.0\um\gl\GL.h(1168,16): error C2086: 'int WINGDIAPI': redefinition
C:\Program Files (x86)\Windows Kits\10\Include\10.0.18362.0\um\gl\GL.h(1157): message : see declaration of 'WINGDIAPI'
C:\Program Files (x86)\Windows Kits\10\Include\10.0.18362.0\um\gl\GL.h(1168,38): error C2182: 'APIENTRY': illegal use of type 'void'
C:\Program Files (x86)\Windows Kits\10\Include\10.0.18362.0\um\gl\GL.h(1168,38): error C2086: 'int APIENTRY': redefinition
C:\Program Files (x86)\Windows Kits\10\Include\10.0.18362.0\um\gl\GL.h(1157): message : see declaration of 'APIENTRY'
C:\Program Files (x86)\Windows Kits\10\Include\10.0.18362.0\um\gl\GL.h(1168,25): error C2146: syntax error: missing ';' before identifier 'glClearAccum'
C:\Program Files (x86)\Windows Kits\10\Include\10.0.18362.0\um\gl\GL.h(1168,95): error C4430: missing type specifier - int assumed. Note: C++ does not support default-int
C:\Program Files (x86)\Windows Kits\10\Include\10.0.18362.0\um\gl\GL.h(1169,11): error C2144: syntax error: 'void' should be preceded by ';'
C:\Program Files (x86)\Windows Kits\10\Include\10.0.18362.0\um\gl\GL.h(1169,16): error C4430: missing type specifier - int assumed. Note: C++ does not support default-int
C:\Program Files (x86)\Windows Kits\10\Include\10.0.18362.0\um\gl\GL.h(1169,16): error C2086: 'int WINGDIAPI': redefinition
C:\Program Files (x86)\Windows Kits\10\Include\10.0.18362.0\um\gl\GL.h(1157): message : see declaration of 'WINGDIAPI'
C:\Program Files (x86)\Windows Kits\10\Include\10.0.18362.0\um\gl\GL.h(1169,38): error C2182: 'APIENTRY': illegal use of type 'void'
C:\Program Files (x86)\Windows Kits\10\Include\10.0.18362.0\um\gl\GL.h(1169,38): error C2086: 'int APIENTRY': redefinition
C:\Program Files (x86)\Windows Kits\10\Include\10.0.18362.0\um\gl\GL.h(1157): message : see declaration of 'APIENTRY'
C:\Program Files (x86)\Windows Kits\10\Include\10.0.18362.0\um\gl\GL.h(1169,25): error C2146: syntax error: missing ';' before identifier 'glClearColor'
C:\Program Files (x86)\Windows Kits\10\Include\10.0.18362.0\um\gl\GL.h(1169,99): error C4430: missing type specifier - int assumed. Note: C++ does not support default-int
C:\Program Files (x86)\Windows Kits\10\Include\10.0.18362.0\um\gl\GL.h(1170,11): error C2144: syntax error: 'void' should be preceded by ';'
C:\Program Files (x86)\Windows Kits\10\Include\10.0.18362.0\um\gl\GL.h(1170,16): error C4430: missing type specifier - int assumed. Note: C++ does not support default-int
C:\Program Files (x86)\Windows Kits\10\Include\10.0.18362.0\um\gl\GL.h(1170,16): error C2086: 'int WINGDIAPI': redefinition
C:\Program Files (x86)\Windows Kits\10\Include\10.0.18362.0\um\gl\GL.h(1157): message : see declaration of 'WINGDIAPI'
C:\Program Files (x86)\Windows Kits\10\Include\10.0.18362.0\um\gl\GL.h(1170,38): error C2182: 'APIENTRY': illegal use of type 'void'
C:\Program Files (x86)\Windows Kits\10\Include\10.0.18362.0\um\gl\GL.h(1170,38): error C2086: 'int APIENTRY': redefinition
C:\Program Files (x86)\Windows Kits\10\Include\10.0.18362.0\um\gl\GL.h(1157): message : see declaration of 'APIENTRY'
C:\Program Files (x86)\Windows Kits\10\Include\10.0.18362.0\um\gl\GL.h(1170,25): error C2146: syntax error: missing ';' before identifier 'glClearDepth'
C:\Program Files (x86)\Windows Kits\10\Include\10.0.18362.0\um\gl\GL.h(1170,54): error C4430: missing type specifier - int assumed. Note: C++ does not support default-int
C:\Program Files (x86)\Windows Kits\10\Include\10.0.18362.0\um\gl\GL.h(1171,11): error C2144: syntax error: 'void' should be preceded by ';'
C:\Program Files (x86)\Windows Kits\10\Include\10.0.18362.0\um\gl\GL.h(1171,16): error C4430: missing type specifier - int assumed. Note: C++ does not support default-int
C:\Program Files (x86)\Windows Kits\10\Include\10.0.18362.0\um\gl\GL.h(1171,16): error C2086: 'int WINGDIAPI': redefinition
C:\Program Files (x86)\Windows Kits\10\Include\10.0.18362.0\um\gl\GL.h(1157): message : see declaration of 'WINGDIAPI'
C:\Program Files (x86)\Windows Kits\10\Include\10.0.18362.0\um\gl\GL.h(1171,38): error C2182: 'APIENTRY': illegal use of type 'void'
C:\Program Files (x86)\Windows Kits\10\Include\10.0.18362.0\um\gl\GL.h(1171,38): error C2086: 'int APIENTRY': redefinition
C:\Program Files (x86)\Windows Kits\10\Include\10.0.18362.0\um\gl\GL.h(1157): message : see declaration of 'APIENTRY'
C:\Program Files (x86)\Windows Kits\10\Include\10.0.18362.0\um\gl\GL.h(1171,25): error C2146: syntax error: missing ';' before identifier 'glClearIndex'
C:\Program Files (x86)\Windows Kits\10\Include\10.0.18362.0\um\gl\GL.h(1171,49): error C4430: missing type specifier - int assumed. Note: C++ does not support default-int
C:\Program Files (x86)\Windows Kits\10\Include\10.0.18362.0\um\gl\GL.h(1172,11): error C2144: syntax error: 'void' should be preceded by ';'
C:\Program Files (x86)\Windows Kits\10\Include\10.0.18362.0\um\gl\GL.h(1172,16): error C4430: missing type specifier - int assumed. Note: C++ does not support default-int
C:\Program Files (x86)\Windows Kits\10\Include\10.0.18362.0\um\gl\GL.h(1172,16): error C2086: 'int WINGDIAPI': redefinition
C:\Program Files (x86)\Windows Kits\10\Include\10.0.18362.0\um\gl\GL.h(1157): message : see declaration of 'WINGDIAPI'
C:\Program Files (x86)\Windows Kits\10\Include\10.0.18362.0\um\gl\GL.h(1172,40): error C2182: 'APIENTRY': illegal use of type 'void'
C:\Program Files (x86)\Windows Kits\10\Include\10.0.18362.0\um\gl\GL.h(1172,40): error C2086: 'int APIENTRY': redefinition
C:\Program Files (x86)\Windows Kits\10\Include\10.0.18362.0\um\gl\GL.h(1157): message : see declaration of 'APIENTRY'
C:\Program Files (x86)\Windows Kits\10\Include\10.0.18362.0\um\gl\GL.h(1172,25): error C2146: syntax error: missing ';' before identifier 'glClearStencil'
C:\Program Files (x86)\Windows Kits\10\Include\10.0.18362.0\um\gl\GL.h(1172,49): error C4430: missing type specifier - int assumed. Note: C++ does not support default-int
C:\Program Files (x86)\Windows Kits\10\Include\10.0.18362.0\um\gl\GL.h(1173,11): error C2144: syntax error: 'void' should be preceded by ';'
C:\Program Files (x86)\Windows Kits\10\Include\10.0.18362.0\um\gl\GL.h(1173,16): error C4430: missing type specifier - int assumed. Note: C++ does not support default-int
C:\Program Files (x86)\Windows Kits\10\Include\10.0.18362.0\um\gl\GL.h(1173,16): error C2086: 'int WINGDIAPI': redefinition
C:\Program Files (x86)\Windows Kits\10\Include\10.0.18362.0\um\gl\GL.h(1157): message : see declaration of 'WINGDIAPI'
C:\Program Files (x86)\Windows Kits\10\Include\10.0.18362.0\um\gl\GL.h(1173,37): error C2182: 'APIENTRY': illegal use of type 'void'
C:\Program Files (x86)\Windows Kits\10\Include\10.0.18362.0\um\gl\GL.h(1173,37): error C2086: 'int APIENTRY': redefinition
C:\Program Files (x86)\Windows Kits\10\Include\10.0.18362.0\um\gl\GL.h(1157): message : see declaration of 'APIENTRY'
C:\Program Files (x86)\Windows Kits\10\Include\10.0.18362.0\um\gl\GL.h(1173,25): error C2146: syntax error: missing ';' before identifier 'glClipPlane'
C:\Program Files (x86)\Windows Kits\10\Include\10.0.18362.0\um\gl\GL.h(1173,77): error C4430: missing type specifier - int assumed. Note: C++ does not support default-int
C:\Program Files (x86)\Windows Kits\10\Include\10.0.18362.0\um\gl\GL.h(1174,11): error C2144: syntax error: 'void' should be preceded by ';'
C:\Program Files (x86)\Windows Kits\10\Include\10.0.18362.0\um\gl\GL.h(1174,16): error C4430: missing type specifier - int assumed. Note: C++ does not support default-int
C:\Program Files (x86)\Windows Kits\10\Include\10.0.18362.0\um\gl\GL.h(1174,16): error C2086: 'int WINGDIAPI': redefinition
C:\Program Files (x86)\Windows Kits\10\Include\10.0.18362.0\um\gl\GL.h(1157): message : see declaration of 'WINGDIAPI'
C:\Program Files (x86)\Windows Kits\10\Include\10.0.18362.0\um\gl\GL.h(1174,35): error C2182: 'APIENTRY': illegal use of type 'void'
C:\Program Files (x86)\Windows Kits\10\Include\10.0.18362.0\um\gl\GL.h(1174,35): error C2086: 'int APIENTRY': redefinition
C:\Program Files (x86)\Windows Kits\10\Include\10.0.18362.0\um\gl\GL.h(1157): message : see declaration of 'APIENTRY'
C:\Program Files (x86)\Windows Kits\10\Include\10.0.18362.0\um\gl\GL.h(1174,25): error C2146: syntax error: missing ';' before identifier 'glColor3b'
C:\Program Files (x86)\Windows Kits\10\Include\10.0.18362.0\um\gl\GL.h(1174,74): error C4430: missing type specifier - int assumed. Note: C++ does not support default-int
C:\Program Files (x86)\Windows Kits\10\Include\10.0.18362.0\um\gl\GL.h(1175,11): error C2144: syntax error: 'void' should be preceded by ';'
C:\Program Files (x86)\Windows Kits\10\Include\10.0.18362.0\um\gl\GL.h(1175,16): error C4430: missing type specifier - int assumed. Note: C++ does not support default-int
C:\Program Files (x86)\Windows Kits\10\Include\10.0.18362.0\um\gl\GL.h(1175,16): error C2086: 'int WINGDIAPI': redefinition
C:\Program Files (x86)\Windows Kits\10\Include\10.0.18362.0\um\gl\GL.h(1157): message : see declaration of 'WINGDIAPI'
C:\Program Files (x86)\Windows Kits\10\Include\10.0.18362.0\um\gl\GL.h(1175,36): error C2182: 'APIENTRY': illegal use of type 'void'
C:\Program Files (x86)\Windows Kits\10\Include\10.0.18362.0\um\gl\GL.h(1175,36): error C2086: 'int APIENTRY': redefinition
C:\Program Files (x86)\Windows Kits\10\Include\10.0.18362.0\um\gl\GL.h(1157): message : see declaration of 'APIENTRY'
C:\Program Files (x86)\Windows Kits\10\Include\10.0.18362.0\um\gl\GL.h(1175,25): error C2146: syntax error: missing ';' before identifier 'glColor3bv'
C:\Program Files (x86)\Windows Kits\10\Include\10.0.18362.0\um\gl\GL.h(1175,53): error C4430: missing type specifier - int assumed. Note: C++ does not support default-int
C:\Program Files (x86)\Windows Kits\10\Include\10.0.18362.0\um\gl\GL.h(1176,11): error C2144: syntax error: 'void' should be preceded by ';'
C:\Program Files (x86)\Windows Kits\10\Include\10.0.18362.0\um\gl\GL.h(1176,16): error C4430: missing type specifier - int assumed. Note: C++ does not support default-int
C:\Program Files (x86)\Windows Kits\10\Include\10.0.18362.0\um\gl\GL.h(1176,16): error C2086: 'int WINGDIAPI': redefinition
C:\Program Files (x86)\Windows Kits\10\Include\10.0.18362.0\um\gl\GL.h(1157): message : see declaration of 'WINGDIAPI'
C:\Program Files (x86)\Windows Kits\10\Include\10.0.18362.0\um\gl\GL.h(1176,35): error C2182: 'APIENTRY': illegal use of type 'void'
C:\Program Files (x86)\Windows Kits\10\Include\10.0.18362.0\um\gl\GL.h(1176,35): error C2086: 'int APIENTRY': redefinition
C:\Program Files (x86)\Windows Kits\10\Include\10.0.18362.0\um\gl\GL.h(1157): message : see declaration of 'APIENTRY'
C:\Program Files (x86)\Windows Kits\10\Include\10.0.18362.0\um\gl\GL.h(1176,25): error C2146: syntax error: missing ';' before identifier 'glColor3d'
C:\Program Files (x86)\Windows Kits\10\Include\10.0.18362.0\um\gl\GL.h(1176,80): error C4430: missing type specifier - int assumed. Note: C++ does not support default-int
C:\Program Files (x86)\Windows Kits\10\Include\10.0.18362.0\um\gl\GL.h(1177,11): error C2144: syntax error: 'void' should be preceded by ';'
C:\Program Files (x86)\Windows Kits\10\Include\10.0.18362.0\um\gl\GL.h(1177,16): error C4430: missing type specifier - int assumed. Note: C++ does not support default-int
C:\Program Files (x86)\Windows Kits\10\Include\10.0.18362.0\um\gl\GL.h(1177,16): error C2086: 'int WINGDIAPI': redefinition
C:\Program Files (x86)\Windows Kits\10\Include\10.0.18362.0\um\gl\GL.h(1157): message : see declaration of 'WINGDIAPI'
C:\Program Files (x86)\Windows Kits\10\Include\10.0.18362.0\um\gl\GL.h(1177,36): error C2182: 'APIENTRY': illegal use of type 'void'
C:\Program Files (x86)\Windows Kits\10\Include\10.0.18362.0\um\gl\GL.h(1177,36): error C2086: 'int APIENTRY': redefinition
C:\Program Files (x86)\Windows Kits\10\Include\10.0.18362.0\um\gl\GL.h(1157): message : see declaration of 'APIENTRY'
C:\Program Files (x86)\Windows Kits\10\Include\10.0.18362.0\um\gl\GL.h(1177,25): error C2146: syntax error: missing ';' before identifier 'glColor3dv'
C:\Program Files (x86)\Windows Kits\10\Include\10.0.18362.0\um\gl\GL.h(1177,55): error C4430: missing type specifier - int assumed. Note: C++ does not support default-int
C:\Program Files (x86)\Windows Kits\10\Include\10.0.18362.0\um\gl\GL.h(1178,11): error C2144: syntax error: 'void' should be preceded by ';'
C:\Program Files (x86)\Windows Kits\10\Include\10.0.18362.0\um\gl\GL.h(1178,16): fatal error C1003: error count exceeds 100; stopping compilation
